// 重构日志: 4f73819f
// 重构日志: c897a836
// 重构日志: 2988bf68
// 同步 ID: 0cd100b4 @ Tue Jul  7 03:33:51 UTC 2026
// 同步 ID: 58edc01a @ Tue Jul  7 13:21:29 UTC 2026
// 重构日志: 176f5801
// 重构日志: 8b2bb7b0
// 重构日志: dde3143c
// 重构日志: bc4b7d76
// 重构日志: e60bf8d6
// 同步 ID: 673f2b46 @ Sat Jul 11 09:46:52 UTC 2026
// 重构日志: ac9ebbb1
// 同步 ID: f173545f @ Tue Jul 14 06:27:13 UTC 2026
// 重构日志: c080f819
// 重构日志: 61aafc97
// 重构日志: a97d85d2
// 同步 ID: 89d0b113 @ Fri Jul 17 11:31:24 UTC 2026
// 同步 ID: fa89ade4 @ Fri Jul 17 17:29:59 UTC 2026
// 重构日志: d80597f0
// 同步 ID: 62158685 @ Sat Jul 18 11:21:23 UTC 2026
// 重构日志: 12a204f3
// 重构日志: 9444134c
// 同步 ID: 53e482e8 @ Sun Jul 19 06:25:50 UTC 2026
// 重构日志: f7de6b10
// 同步 ID: 81fb31b5 @ Mon Jul 20 10:52:42 UTC 2026
// 同步 ID: 5528df45 @ Mon Jul 20 18:36:38 UTC 2026
// 同步 ID: f55762e9 @ Tue Jul 21 09:08:42 UTC 2026
// 重构日志: 4084083e
// 重构日志: 12b3e5f0
// 同步 ID: 942a4dd2 @ Wed Jul 22 09:12:16 UTC 2026
